0014
0080
D56A
2560
ED76
D0C7
273E
2509
2ADD
2A4B
F26D
CAC7
F5CD
204B
90EC
7C34
E1E2
DFDF
03F2
2087
B41A
4D75
4179
A14F
9E79
7922
AECF
817C
B27D
3E3D
9545
3686
2996
FC24
6148
8AB6
1357
185A
5764
9FCE
0617
2702
9C9B
6123
4617
54A8
6B1C
3424
AB50
9E9A
B8EF
21A4
4739
D71E
1C24
2591
1EBE
2349
CC8B
50B5
20EA
97B3
B19E
7F9F
84AA
7D04
0C0C
A162
EBEF
D638
0716
7AD4
2A6C
2302
7819
140F
B0DD
B2EF
746F
D20A
4FC7
6AB0
A446
BFE3
B13A
8EC9
77DE
52F6
DEB7
9E77
49CC
F0BC
6F1A
3A2F
46E6
0538
42A8
C7A4
0F66
FF13
6C2E
BCE2
A6ED
96B9
2043
2AD8
509B
202C
2F78
3EB5
BC32
8ABB
F742
7832
85BA
B2A1
C6AF
FDF2
3322
82E5
77B2
8D17
3F41
4F4B
887F
3D74
2564
0DF3
08AE
5A85
E822
DA90
AAD4
E185
70F6
2F9C
06AD
42F5
4168
2A6E
66FE
0094
0080
0C0C
A162
EBEF
D638
0716
7AD4
2A6C
2302
7819
140F
B0DD
B2EF
746F
D20A
4FC7
6AB0
A446
BFE3
B13A
8EC9
77DE
52F6
DEB7
9E77
49CC
F0BC
6F1A
3A2F
46E6
0538
42A8
C7A4
0F66
FF13
6C2E
BCE2
A6ED
96B9
2043
2AD8
509B
202C
2F78
3EB5
BC32
8ABB
F742
7832
85BA
B2A1
C6AF
FDF2
3322
82E5
77B2
8D17
3F41
4F4B
887F
3D74
2564
0DF3
08AE
5A85
E822
DA90
AAD4
E185
70F6
2F9C
06AD
42F5
4168
2A6E
9F29
BB9A
8FF5
56E4
D68B
2FD1
5640
3179
DF5E
8AFC
5DB4
3F95
C559
ED5F
5FC0
7210
25CC
E0F8
90CE
4C30
8BDF
73A7
81BF
DDB4
40E2
2200
7497
A216
4E32
DCA2
31BA
F7B1
C887
6DBB
70FE
B1D9
FD0F
FBA3
7BDE
BD1A
9BA5
3977
5D9C
847B
7CC1
49F3
DDF6
C64D
9C30
0D3A
F7E5
002C
CEC4
82EE
44E3
E489
6718
60A6
A70E
EB96
8C72
235D
3E46
5C8B
77BD
0A9F
9318
34BB
BBE6
3F73
8928
514D
06C8
E825
48E2
E8DC
B39A
BAFD
9F5C
ABF9
1EE4
5008
8983
31A7
2A4B
71BF
72A1
BEC6
4968
B9B0
2506
D7FE
D796
6CEF
496F
34D8
02B4
28F1
73C5
54BF
AC53
A20D
82AA
BF07
C2D7
879A
580B
CAEB
05D0
B13A
D136
6CCE
A02E
2CA5
EAAE
54E2
42FD
7289
FCC7
BAF8
4C39
F0E6
FD25
66A9
D770
FCE7
6374
87BB
4591
0114
0003
E822
DA90
AAD4
E185
70F6
2F9C
06AD
42F5
4168
2A6E
9F29
BB9A
8FF5
56E4
D68B
2FD1
5640
3179
DF5E
8AFC
5DB4
3F95
C559
ED5F
5FC0
7210
25CC
E0F8
90CE
4C30
8BDF
73A7
81BF
DDB4
40E2
2200
7497
A216
4E32
DCA2
31BA
F7B1
C887
6DBB
70FE
B1D9
FD0F
FBA3
7BDE
BD1A
9BA5
3977
5D9C
847B
7CC1
49F3
DDF6
C64D
9C30
0D3A
F7E5
002C
CEC4
82EE
44E3
E489
6718
60A6
A70E
EB96
8C72
235D
3E46
5C8B
77BD
0A9F
9318
34BB
BBE6
3F73
8928
514D
06C8
E825
48E2
E8DC
B39A
BAFD
9F5C
ABF9
1EE4
5008
8983
31A7
2A4B
71BF
72A1
BEC6
4968
B9B0
2506
D7FE
D796
6CEF
496F
34D8
02B4
28F1
73C5
54BF
AC53
A20D
82AA
BF07
C2D7
879A
580B
CAEB
05D0
B13A
D136
6CCE
A02E
2CA5
EAAE
54E2
42FD
7289
FCC7
BAF8
4C39
F0E6
FD25
66A9
D770
FCE7
6374
87BB
2CDD
05D0
9279
BC0C
